Compiling the C compiler identification source file "CMakeCCompilerId.c" failed.
Compiler: /usr/bin/g++ 
Build flags: 
Id flags:  

The output was:
1
CMakeCCompilerId.c:2:3: error: #error "A C++ compiler has been selected for C."
    2 | # error "A C++ compiler has been selected for C."
      |   ^~~~~


Compiling the C compiler identification source file "CMakeCCompilerId.c" failed.
Compiler: /usr/bin/g++ 
Build flags: 
Id flags: -c 

The output was:
1
CMakeCCompilerId.c:2:3: error: #error "A C++ compiler has been selected for C."
    2 | # error "A C++ compiler has been selected for C."
      |   ^~~~~


Compiling the C compiler identification source file "CMakeCCompilerId.c" failed.
Compiler: /usr/bin/g++ 
Build flags: 
Id flags: -Aa 

The output was:
1
<command-line>: error: missing '(' after predicate
CMakeCCompilerId.c:2:3: error: #error "A C++ compiler has been selected for C."
    2 | # error "A C++ compiler has been selected for C."
      |   ^~~~~


Compiling the C compiler identification source file "CMakeCCompilerId.c" failed.
Compiler: /usr/bin/g++ 
Build flags: 
Id flags: -D__CLASSIC_C__ 

The output was:
1
CMakeCCompilerId.c:2:3: error: #error "A C++ compiler has been selected for C."
    2 | # error "A C++ compiler has been selected for C."
      |   ^~~~~
CMakeCCompilerId.c:429:29: warning: ISO C++ forbids converting a string constant to ‘char*’ [-Wwrite-strings]
  429 | char const* info_compiler = "INFO" ":" "compiler[" COMPILER_ID "]";
      |                             ^~~~~~~~~~~~~~~~~~~~~~~~~~~~~~~~~~~~~~
CMakeCCompilerId.c:758:29: warning: ISO C++ forbids converting a string constant to ‘char*’ [-Wwrite-strings]
  758 | char const* info_platform = "INFO" ":" "platform[" PLATFORM_ID "]";
      |                             ^~~~~~~~~~~~~~~~~~~~~~~~~~~~~~~~~~~~~~
CMakeCCompilerId.c:759:25: warning: ISO C++ forbids converting a string constant to ‘char*’ [-Wwrite-strings]
  759 | char const* info_arch = "INFO" ":" "arch[" ARCHITECTURE_ID "]";
      |                         ^~~~~~~~~~~~~~~~~~~~~~~~~~~~~~~~~~~~~~
CMakeCCompilerId.c:781:3: warning: ISO C++ forbids converting a string constant to ‘char*’ [-Wwrite-strings]
  781 |   "INFO" ":" "standard_default[" C_VERSION "]";
      |   ^~~~~~~~~~~~~~~~~~~~~~~~~~~~~~~~~~~~~~~~~~~~
CMakeCCompilerId.c:783:48: warning: ISO C++ forbids converting a string constant to ‘char*’ [-Wwrite-strings]
  783 | const char* info_language_extensions_default = "INFO" ":" "extensions_default["
      |                                                ^~~~~~~~~~~~~~~~~~~~~~~~~~~~~~~~
  784 | #if (defined(__clang__) || defined(__GNUC__) || defined(__xlC__) ||           \
      | ~~~~~~~~~~~~~~~~~~~~~~~~~~~~~~~~~~~~~~~~~~~~~~~~~~~~~~~~~~~~~~~~~~~~~~~~~~~~~~~
  785 |      defined(__TI_COMPILER_VERSION__)) &&                                     \
      |      ~~~~~~~~~~~~~~~~~~~~~~~~~~~~~~~~~~~~~~~~~~~~~~~~~~~~~~~~~~~~~~~~~~~~~~~~~~
  786 |   !defined(__STRICT_ANSI__)
      |   ~~~~~~~~~~~~~~~~~~~~~~~~~                     
  787 |   "ON"
      |   ~~~~                                          
  788 | #else
      | ~~~~~                                           
  789 |   "OFF"
      |   ~~~~~                                         
  790 | #endif
      | ~~~~~~                                          
  791 | "]";
      | ~~~                                             
CMakeCCompilerId.c:799:10: error: cannot declare ‘::main’ to be a global variable
  799 | int main(argc, argv) int argc; char *argv[];
      |          ^~~~
CMakeCCompilerId.c:799:10: error: ‘argc’ was not declared in this scope
CMakeCCompilerId.c:799:16: error: ‘argv’ was not declared in this scope
  799 | int main(argc, argv) int argc; char *argv[];
      |                ^~~~
CMakeCCompilerId.c:799:20: error: expression list treated as compound expression in initializer [-fpermissive]
  799 | int main(argc, argv) int argc; char *argv[];
      |                    ^
CMakeCCompilerId.c:799:38: error: storage size of ‘argv’ isn’t known
  799 | int main(argc, argv) int argc; char *argv[];
      |                                      ^~~~
CMakeCCompilerId.c:803:1: error: expected unqualified-id before ‘{’ token
  803 | {
      | ^


Compiling the C compiler identification source file "CMakeCCompilerId.c" failed.
Compiler: /usr/bin/g++ 
Build flags: 
Id flags: --target=arm-arm-none-eabi;-mcpu=cortex-m3 

The output was:
1
g++: warning: ‘-mcpu=’ is deprecated; use ‘-mtune=’ or ‘-march=’ instead
g++: error: unrecognized command line option ‘--target=arm-arm-none-eabi’


Compiling the C compiler identification source file "CMakeCCompilerId.c" failed.
Compiler: /usr/bin/g++ 
Build flags: 
Id flags: -c;-I__does_not_exist__ 

The output was:
1
CMakeCCompilerId.c:2:3: error: #error "A C++ compiler has been selected for C."
    2 | # error "A C++ compiler has been selected for C."
      |   ^~~~~


Compiling the C compiler identification source file "CMakeCCompilerId.c" failed.
Compiler: /usr/bin/g++ 
Build flags: 
Id flags:  

The output was:
1
CMakeCCompilerId.c:2:3: error: #error "A C++ compiler has been selected for C."
    2 | # error "A C++ compiler has been selected for C."
      |   ^~~~~


Compiling the C compiler identification source file "CMakeCCompilerId.c" failed.
Compiler: /usr/bin/g++ 
Build flags: 
Id flags: -c 

The output was:
1
CMakeCCompilerId.c:2:3: error: #error "A C++ compiler has been selected for C."
    2 | # error "A C++ compiler has been selected for C."
      |   ^~~~~


Compiling the C compiler identification source file "CMakeCCompilerId.c" failed.
Compiler: /usr/bin/g++ 
Build flags: 
Id flags: -Aa 

The output was:
1
<command-line>: error: missing '(' after predicate
CMakeCCompilerId.c:2:3: error: #error "A C++ compiler has been selected for C."
    2 | # error "A C++ compiler has been selected for C."
      |   ^~~~~


Compiling the C compiler identification source file "CMakeCCompilerId.c" failed.
Compiler: /usr/bin/g++ 
Build flags: 
Id flags: -D__CLASSIC_C__ 

The output was:
1
CMakeCCompilerId.c:2:3: error: #error "A C++ compiler has been selected for C."
    2 | # error "A C++ compiler has been selected for C."
      |   ^~~~~
CMakeCCompilerId.c:429:29: warning: ISO C++ forbids converting a string constant to ‘char*’ [-Wwrite-strings]
  429 | char const* info_compiler = "INFO" ":" "compiler[" COMPILER_ID "]";
      |                             ^~~~~~~~~~~~~~~~~~~~~~~~~~~~~~~~~~~~~~
CMakeCCompilerId.c:758:29: warning: ISO C++ forbids converting a string constant to ‘char*’ [-Wwrite-strings]
  758 | char const* info_platform = "INFO" ":" "platform[" PLATFORM_ID "]";
      |                             ^~~~~~~~~~~~~~~~~~~~~~~~~~~~~~~~~~~~~~
CMakeCCompilerId.c:759:25: warning: ISO C++ forbids converting a string constant to ‘char*’ [-Wwrite-strings]
  759 | char const* info_arch = "INFO" ":" "arch[" ARCHITECTURE_ID "]";
      |                         ^~~~~~~~~~~~~~~~~~~~~~~~~~~~~~~~~~~~~~
CMakeCCompilerId.c:781:3: warning: ISO C++ forbids converting a string constant to ‘char*’ [-Wwrite-strings]
  781 |   "INFO" ":" "standard_default[" C_VERSION "]";
      |   ^~~~~~~~~~~~~~~~~~~~~~~~~~~~~~~~~~~~~~~~~~~~
CMakeCCompilerId.c:783:48: warning: ISO C++ forbids converting a string constant to ‘char*’ [-Wwrite-strings]
  783 | const char* info_language_extensions_default = "INFO" ":" "extensions_default["
      |                                                ^~~~~~~~~~~~~~~~~~~~~~~~~~~~~~~~
  784 | #if (defined(__clang__) || defined(__GNUC__) || defined(__xlC__) ||           \
      | ~~~~~~~~~~~~~~~~~~~~~~~~~~~~~~~~~~~~~~~~~~~~~~~~~~~~~~~~~~~~~~~~~~~~~~~~~~~~~~~
  785 |      defined(__TI_COMPILER_VERSION__)) &&                                     \
      |      ~~~~~~~~~~~~~~~~~~~~~~~~~~~~~~~~~~~~~~~~~~~~~~~~~~~~~~~~~~~~~~~~~~~~~~~~~~
  786 |   !defined(__STRICT_ANSI__)
      |   ~~~~~~~~~~~~~~~~~~~~~~~~~                     
  787 |   "ON"
      |   ~~~~                                          
  788 | #else
      | ~~~~~                                           
  789 |   "OFF"
      |   ~~~~~                                         
  790 | #endif
      | ~~~~~~                                          
  791 | "]";
      | ~~~                                             
CMakeCCompilerId.c:799:10: error: cannot declare ‘::main’ to be a global variable
  799 | int main(argc, argv) int argc; char *argv[];
      |          ^~~~
CMakeCCompilerId.c:799:10: error: ‘argc’ was not declared in this scope
CMakeCCompilerId.c:799:16: error: ‘argv’ was not declared in this scope
  799 | int main(argc, argv) int argc; char *argv[];
      |                ^~~~
CMakeCCompilerId.c:799:20: error: expression list treated as compound expression in initializer [-fpermissive]
  799 | int main(argc, argv) int argc; char *argv[];
      |                    ^
CMakeCCompilerId.c:799:38: error: storage size of ‘argv’ isn’t known
  799 | int main(argc, argv) int argc; char *argv[];
      |                                      ^~~~
CMakeCCompilerId.c:803:1: error: expected unqualified-id before ‘{’ token
  803 | {
      | ^


Compiling the C compiler identification source file "CMakeCCompilerId.c" failed.
Compiler: /usr/bin/g++ 
Build flags: 
Id flags: --target=arm-arm-none-eabi;-mcpu=cortex-m3 

The output was:
1
g++: warning: ‘-mcpu=’ is deprecated; use ‘-mtune=’ or ‘-march=’ instead
g++: error: unrecognized command line option ‘--target=arm-arm-none-eabi’


Compiling the C compiler identification source file "CMakeCCompilerId.c" failed.
Compiler: /usr/bin/g++ 
Build flags: 
Id flags: -c;-I__does_not_exist__ 

The output was:
1
CMakeCCompilerId.c:2:3: error: #error "A C++ compiler has been selected for C."
    2 | # error "A C++ compiler has been selected for C."
      |   ^~~~~


Checking whether the C compiler is IAR using "" did not match "IAR .+ Compiler":
g++: fatal error: no input files
compilation terminated.
Checking whether the C compiler is IAR using "" did not match "IAR .+ Compiler":
g++: fatal error: no input files
compilation terminated.
Detecting C compiler ABI info failed to compile with the following output:
Change Dir: /home/samuel/Documents/game-engine/CMakeFiles/CMakeTmp

Run Build Command(s):/usr/bin/make -f Makefile cmTC_f1a01/fast && /usr/bin/make  -f CMakeFiles/cmTC_f1a01.dir/build.make CMakeFiles/cmTC_f1a01.dir/build
make[1]: Entering directory '/home/samuel/Documents/game-engine/CMakeFiles/CMakeTmp'
Building C object CMakeFiles/cmTC_f1a01.dir/CMakeCCompilerABI.c.o
/usr/bin/g++    -o CMakeFiles/cmTC_f1a01.dir/CMakeCCompilerABI.c.o -c /snap/cmake/1082/share/cmake-3.23/Modules/CMakeCCompilerABI.c
/snap/cmake/1082/share/cmake-3.23/Modules/CMakeCCompilerABI.c:2:4: error: #error "A C++ compiler has been selected for C."
    2 | #  error "A C++ compiler has been selected for C."
      |    ^~~~~
make[1]: *** [CMakeFiles/cmTC_f1a01.dir/build.make:78: CMakeFiles/cmTC_f1a01.dir/CMakeCCompilerABI.c.o] Error 1
make[1]: Leaving directory '/home/samuel/Documents/game-engine/CMakeFiles/CMakeTmp'
make: *** [Makefile:127: cmTC_f1a01/fast] Error 2




Determining if the C compiler works failed with the following output:
Change Dir: /home/samuel/Documents/game-engine/CMakeFiles/CMakeTmp

Run Build Command(s):/usr/bin/make -f Makefile cmTC_2219e/fast && /usr/bin/make  -f CMakeFiles/cmTC_2219e.dir/build.make CMakeFiles/cmTC_2219e.dir/build
make[1]: Entering directory '/home/samuel/Documents/game-engine/CMakeFiles/CMakeTmp'
Building C object CMakeFiles/cmTC_2219e.dir/testCCompiler.c.o
/usr/bin/g++    -o CMakeFiles/cmTC_2219e.dir/testCCompiler.c.o -c /home/samuel/Documents/game-engine/CMakeFiles/CMakeTmp/testCCompiler.c
/home/samuel/Documents/game-engine/CMakeFiles/CMakeTmp/testCCompiler.c:2:3: error: #error "The CMAKE_C_COMPILER is set to a C++ compiler"
    2 | # error "The CMAKE_C_COMPILER is set to a C++ compiler"
      |   ^~~~~
make[1]: *** [CMakeFiles/cmTC_2219e.dir/build.make:78: CMakeFiles/cmTC_2219e.dir/testCCompiler.c.o] Error 1
make[1]: Leaving directory '/home/samuel/Documents/game-engine/CMakeFiles/CMakeTmp'
make: *** [Makefile:127: cmTC_2219e/fast] Error 2



Compiling the C compiler identification source file "CMakeCCompilerId.c" failed.
Compiler: g 
Build flags: 
Id flags:  

The output was:
No such file or directory


Compiling the C compiler identification source file "CMakeCCompilerId.c" failed.
Compiler: g 
Build flags: 
Id flags: -c 

The output was:
No such file or directory


Compiling the C compiler identification source file "CMakeCCompilerId.c" failed.
Compiler: g 
Build flags: 
Id flags: -Aa 

The output was:
No such file or directory


Compiling the C compiler identification source file "CMakeCCompilerId.c" failed.
Compiler: g 
Build flags: 
Id flags: -D__CLASSIC_C__ 

The output was:
No such file or directory


Compiling the C compiler identification source file "CMakeCCompilerId.c" failed.
Compiler: g 
Build flags: 
Id flags: --target=arm-arm-none-eabi;-mcpu=cortex-m3 

The output was:
No such file or directory


Compiling the C compiler identification source file "CMakeCCompilerId.c" failed.
Compiler: g 
Build flags: 
Id flags: -c;-I__does_not_exist__ 

The output was:
No such file or directory


Compiling the C compiler identification source file "CMakeCCompilerId.c" failed.
Compiler: g 
Build flags: 
Id flags:  

The output was:
No such file or directory


Compiling the C compiler identification source file "CMakeCCompilerId.c" failed.
Compiler: g 
Build flags: 
Id flags: -c 

The output was:
No such file or directory


Compiling the C compiler identification source file "CMakeCCompilerId.c" failed.
Compiler: g 
Build flags: 
Id flags: -Aa 

The output was:
No such file or directory


Compiling the C compiler identification source file "CMakeCCompilerId.c" failed.
Compiler: g 
Build flags: 
Id flags: -D__CLASSIC_C__ 

The output was:
No such file or directory


Compiling the C compiler identification source file "CMakeCCompilerId.c" failed.
Compiler: g 
Build flags: 
Id flags: --target=arm-arm-none-eabi;-mcpu=cortex-m3 

The output was:
No such file or directory


Compiling the C compiler identification source file "CMakeCCompilerId.c" failed.
Compiler: g 
Build flags: 
Id flags: -c;-I__does_not_exist__ 

The output was:
No such file or directory


Checking whether the C compiler is IAR using "" did not match "IAR .+ Compiler":
Checking whether the C compiler is IAR using "" did not match "IAR .+ Compiler":
Performing C SOURCE FILE Test CMAKE_HAVE_LIBC_PTHREAD failed with the following output:
Change Dir: /home/samuel/Documents/game-engine/CMakeFiles/CMakeTmp

Run Build Command(s):/usr/bin/make -f Makefile cmTC_d661c/fast && /usr/bin/make  -f CMakeFiles/cmTC_d661c.dir/build.make CMakeFiles/cmTC_d661c.dir/build
make[1]: Entering directory '/home/samuel/Documents/game-engine/CMakeFiles/CMakeTmp'
Building C object CMakeFiles/cmTC_d661c.dir/src.c.o
/usr/bin/cc -DCMAKE_HAVE_LIBC_PTHREAD   -o CMakeFiles/cmTC_d661c.dir/src.c.o -c /home/samuel/Documents/game-engine/CMakeFiles/CMakeTmp/src.c
Linking C executable cmTC_d661c
/snap/cmake/1082/bin/cmake -E cmake_link_script CMakeFiles/cmTC_d661c.dir/link.txt --verbose=1
/usr/bin/cc -rdynamic CMakeFiles/cmTC_d661c.dir/src.c.o -o cmTC_d661c 
/usr/bin/ld: CMakeFiles/cmTC_d661c.dir/src.c.o: in function `main':
src.c:(.text+0x46): undefined reference to `pthread_create'
/usr/bin/ld: src.c:(.text+0x52): undefined reference to `pthread_detach'
/usr/bin/ld: src.c:(.text+0x5e): undefined reference to `pthread_cancel'
/usr/bin/ld: src.c:(.text+0x6f): undefined reference to `pthread_join'
collect2: error: ld returned 1 exit status
make[1]: *** [CMakeFiles/cmTC_d661c.dir/build.make:99: cmTC_d661c] Error 1
make[1]: Leaving directory '/home/samuel/Documents/game-engine/CMakeFiles/CMakeTmp'
make: *** [Makefile:127: cmTC_d661c/fast] Error 2


Source file was:
#include <pthread.h>

static void* test_func(void* data)
{
  return data;
}

int main(void)
{
  pthread_t thread;
  pthread_create(&thread, NULL, test_func, NULL);
  pthread_detach(thread);
  pthread_cancel(thread);
  pthread_join(thread, NULL);
  pthread_atfork(NULL, NULL, NULL);
  pthread_exit(NULL);

  return 0;
}

Determining if the function pthread_create exists in the pthreads failed with the following output:
Change Dir: /home/samuel/Documents/game-engine/CMakeFiles/CMakeTmp

Run Build Command(s):/usr/bin/make -f Makefile cmTC_53d22/fast && /usr/bin/make  -f CMakeFiles/cmTC_53d22.dir/build.make CMakeFiles/cmTC_53d22.dir/build
make[1]: Entering directory '/home/samuel/Documents/game-engine/CMakeFiles/CMakeTmp'
Building C object CMakeFiles/cmTC_53d22.dir/CheckFunctionExists.c.o
/usr/bin/cc   -DCHECK_FUNCTION_EXISTS=pthread_create -o CMakeFiles/cmTC_53d22.dir/CheckFunctionExists.c.o -c /snap/cmake/1082/share/cmake-3.23/Modules/CheckFunctionExists.c
Linking C executable cmTC_53d22
/snap/cmake/1082/bin/cmake -E cmake_link_script CMakeFiles/cmTC_53d22.dir/link.txt --verbose=1
/usr/bin/cc  -DCHECK_FUNCTION_EXISTS=pthread_create -rdynamic CMakeFiles/cmTC_53d22.dir/CheckFunctionExists.c.o -o cmTC_53d22  -lpthreads 
/usr/bin/ld: cannot find -lpthreads
collect2: error: ld returned 1 exit status
make[1]: *** [CMakeFiles/cmTC_53d22.dir/build.make:99: cmTC_53d22] Error 1
make[1]: Leaving directory '/home/samuel/Documents/game-engine/CMakeFiles/CMakeTmp'
make: *** [Makefile:127: cmTC_53d22/fast] Error 2



